# JRE version: OpenJDK Runtime Environment Temurin-17.0.13+11 (17.0.13+11) (build 17.0.13+11)
# Java VM: OpenJDK 64-Bit Server VM Temurin-17.0.13+11 (17.0.13+11, mixed mode, tiered, compressed oops, compressed class ptrs, parallel gc, windows-amd64)
GC Precious Log:
 CPUs: 4 total, 4 available
 Memory: 8071M
 Large Page Support: Disabled
 NUMA Support: Disabled
 Compressed Oops: Enabled (32-bit)
 Alignments: Space 512K, Generation 512K, Heap 2M
 Heap Min Capacity: 100M
 Heap Initial Capacity: 100M
 Heap Max Capacity: 1G
 Pre-touch: Disabled
 Parallel Workers: 4
Heap:
 PSYoungGen      total 22528K, used 18585K [0x00000000eab00000, 0x00000000ec380000, 0x0000000100000000)
  eden space 21504K, 82% used [0x00000000eab00000,0x00000000ebc3e400,0x00000000ec000000)
  from space 1024K, 90% used [0x00000000ec280000,0x00000000ec368000,0x00000000ec380000)
  to   space 1536K, 0% used [0x00000000ec080000,0x00000000ec080000,0x00000000ec200000)
 ParOldGen       total 68608K, used 34280K [0x00000000c0000000, 0x00000000c4300000, 0x00000000eab00000)
  object space 68608K, 49% used [0x00000000c0000000,0x00000000c217a130,0x00000000c4300000)
 Metaspace       used 52611K, committed 53696K, reserved 1114112K
  class space    used 5616K, committed 6144K, reserved 1048576K
GC Heap History (20 events):
Event: 10.439 GC heap before
{Heap before GC invocations=17 (full 2):
 PSYoungGen      total 23552K, used 23537K [0x00000000eab00000, 0x00000000eca80000, 0x0000000100000000)
  eden space 21504K, 100% used [0x00000000eab00000,0x00000000ec000000,0x00000000ec000000)
  from space 2048K, 99% used [0x00000000ec500000,0x00000000ec6fc440,0x00000000ec700000)
  to   space 5120K, 0% used [0x00000000ec000000,0x00000000ec000000,0x00000000ec500000)
 ParOldGen       total 68608K, used 18752K [0x00000000c0000000, 0x00000000c4300000, 0x00000000eab00000)
  object space 68608K, 27% used [0x00000000c0000000,0x00000000c12501a8,0x00000000c4300000)
 Metaspace       used 43798K, committed 44800K, reserved 1114112K
  class space    used 4506K, committed 4928K, reserved 1048576K
}
Event: 10.444 GC heap after
{Heap after GC invocations=17 (full 2):
 PSYoungGen      total 23552K, used 1954K [0x00000000eab00000, 0x00000000ec600000, 0x0000000100000000)
  eden space 21504K, 0% used [0x00000000eab00000,0x00000000eab00000,0x00000000ec000000)
  from space 2048K, 95% used [0x00000000ec000000,0x00000000ec1e88c0,0x00000000ec200000)
  to   space 3072K, 0% used [0x00000000ec300000,0x00000000ec300000,0x00000000ec600000)
 ParOldGen       total 68608K, used 20536K [0x00000000c0000000, 0x00000000c4300000, 0x00000000eab00000)
  object space 68608K, 29% used [0x00000000c0000000,0x00000000c140e1e8,0x00000000c4300000)
 Metaspace       used 43798K, committed 44800K, reserved 1114112K
  class space    used 4506K, committed 4928K, reserved 1048576K
}
Event: 10.731 GC heap before
{Heap before GC invocations=18 (full 2):
 PSYoungGen      total 23552K, used 23458K [0x00000000eab00000, 0x00000000ec600000, 0x0000000100000000)
  eden space 21504K, 100% used [0x00000000eab00000,0x00000000ec000000,0x00000000ec000000)
  from space 2048K, 95% used [0x00000000ec000000,0x00000000ec1e88c0,0x00000000ec200000)
  to   space 3072K, 0% used [0x00000000ec300000,0x00000000ec300000,0x00000000ec600000)
 ParOldGen       total 68608K, used 20536K [0x00000000c0000000, 0x00000000c4300000, 0x00000000eab00000)
  object space 68608K, 29% used [0x00000000c0000000,0x00000000c140e1e8,0x00000000c4300000)
 Metaspace       used 44588K, committed 45504K, reserved 1114112K
  class space    used 4592K, committed 4992K, reserved 1048576K
}
Event: 10.736 GC heap after
{Heap after GC invocations=18 (full 2):
 PSYoungGen      total 23552K, used 1847K [0x00000000eab00000, 0x00000000ec500000, 0x0000000100000000)
  eden space 21504K, 0% used [0x00000000eab00000,0x00000000eab00000,0x00000000ec000000)
  from space 2048K, 90% used [0x00000000ec300000,0x00000000ec4cdf78,0x00000000ec500000)
  to   space 2560K, 0% used [0x00000000ec000000,0x00000000ec000000,0x00000000ec280000)
 ParOldGen       total 68608K, used 22298K [0x00000000c0000000, 0x00000000c4300000, 0x00000000eab00000)
  object space 68608K, 32% used [0x00000000c0000000,0x00000000c15c6a98,0x00000000c4300000)
 Metaspace       used 44588K, committed 45504K, reserved 1114112K
  class space    used 4592K, committed 4992K, reserved 1048576K
}
Event: 10.855 GC heap before
{Heap before GC invocations=19 (full 2):
 PSYoungGen      total 23552K, used 23351K [0x00000000eab00000, 0x00000000ec500000, 0x0000000100000000)
  eden space 21504K, 100% used [0x00000000eab00000,0x00000000ec000000,0x00000000ec000000)
  from space 2048K, 90% used [0x00000000ec300000,0x00000000ec4cdf78,0x00000000ec500000)
  to   space 2560K, 0% used [0x00000000ec000000,0x00000000ec000000,0x00000000ec280000)
 ParOldGen       total 68608K, used 22298K [0x00000000c0000000, 0x00000000c4300000, 0x00000000eab00000)
  object space 68608K, 32% used [0x00000000c0000000,0x00000000c15c6a98,0x00000000c4300000)
 Metaspace       used 44738K, committed 45632K, reserved 1114112K
  class space    used 4615K, committed 4992K, reserved 1048576K
}
Event: 10.860 GC heap after
{Heap after GC invocations=19 (full 2):
 PSYoungGen      total 24064K, used 2450K [0x00000000eab00000, 0x00000000ec600000, 0x0000000100000000)
  eden space 21504K, 0% used [0x00000000eab00000,0x00000000eab00000,0x00000000ec000000)
  from space 2560K, 95% used [0x00000000ec000000,0x00000000ec264bb8,0x00000000ec280000)
  to   space 3072K, 0% used [0x00000000ec300000,0x00000000ec300000,0x00000000ec600000)
 ParOldGen       total 68608K, used 23898K [0x00000000c0000000, 0x00000000c4300000, 0x00000000eab00000)
  object space 68608K, 34% used [0x00000000c0000000,0x00000000c1756ab8,0x00000000c4300000)
 Metaspace       used 44738K, committed 45632K, reserved 1114112K
  class space    used 4615K, committed 4992K, reserved 1048576K
}
Event: 11.005 GC heap before
{Heap before GC invocations=20 (full 2):
 PSYoungGen      total 24064K, used 23954K [0x00000000eab00000, 0x00000000ec600000, 0x0000000100000000)
  eden space 21504K, 100% used [0x00000000eab00000,0x00000000ec000000,0x00000000ec000000)
  from space 2560K, 95% used [0x00000000ec000000,0x00000000ec264bb8,0x00000000ec280000)
  to   space 3072K, 0% used [0x00000000ec300000,0x00000000ec300000,0x00000000ec600000)
 ParOldGen       total 68608K, used 23898K [0x00000000c0000000, 0x00000000c4300000, 0x00000000eab00000)
  object space 68608K, 34% used [0x00000000c0000000,0x00000000c1756ab8,0x00000000c4300000)
 Metaspace       used 45432K, committed 46272K, reserved 1114112K
  class space    used 4693K, committed 5056K, reserved 1048576K
}
Event: 11.010 GC heap after
{Heap after GC invocations=20 (full 2):
 PSYoungGen      total 23040K, used 1440K [0x00000000eab00000, 0x00000000ec480000, 0x0000000100000000)
  eden space 21504K, 0% used [0x00000000eab00000,0x00000000eab00000,0x00000000ec000000)
  from space 1536K, 93% used [0x00000000ec300000,0x00000000ec468000,0x00000000ec480000)
  to   space 2048K, 0% used [0x00000000ec080000,0x00000000ec080000,0x00000000ec280000)
 ParOldGen       total 68608K, used 26183K [0x00000000c0000000, 0x00000000c4300000, 0x00000000eab00000)
  object space 68608K, 38% used [0x00000000c0000000,0x00000000c1991ff8,0x00000000c4300000)
 Metaspace       used 45432K, committed 46272K, reserved 1114112K
  class space    used 4693K, committed 5056K, reserved 1048576K
}
Event: 11.126 GC heap before
{Heap before GC invocations=21 (full 2):
 PSYoungGen      total 23040K, used 22944K [0x00000000eab00000, 0x00000000ec480000, 0x0000000100000000)
  eden space 21504K, 100% used [0x00000000eab00000,0x00000000ec000000,0x00000000ec000000)
  from space 1536K, 93% used [0x00000000ec300000,0x00000000ec468000,0x00000000ec480000)
  to   space 2048K, 0% used [0x00000000ec080000,0x00000000ec080000,0x00000000ec280000)
 ParOldGen       total 68608K, used 26183K [0x00000000c0000000, 0x00000000c4300000, 0x00000000eab00000)
  object space 68608K, 38% used [0x00000000c0000000,0x00000000c1991ff8,0x00000000c4300000)
 Metaspace       used 46644K, committed 47552K, reserved 1114112K
  class space    used 4814K, committed 5184K, reserved 1048576K
}
Event: 11.130 GC heap after
{Heap after GC invocations=21 (full 2):
 PSYoungGen      total 23552K, used 1552K [0x00000000eab00000, 0x00000000ec400000, 0x0000000100000000)
  eden space 21504K, 0% used [0x00000000eab00000,0x00000000eab00000,0x00000000ec000000)
  from space 2048K, 75% used [0x00000000ec080000,0x00000000ec204118,0x00000000ec280000)
  to   space 1536K, 0% used [0x00000000ec280000,0x00000000ec280000,0x00000000ec400000)
 ParOldGen       total 68608K, used 27542K [0x00000000c0000000, 0x00000000c4300000, 0x00000000eab00000)
  object space 68608K, 40% used [0x00000000c0000000,0x00000000c1ae5be0,0x00000000c4300000)
 Metaspace       used 46644K, committed 47552K, reserved 1114112K
  class space    used 4814K, committed 5184K, reserved 1048576K
}
Event: 11.491 GC heap before
{Heap before GC invocations=22 (full 2):
 PSYoungGen      total 23552K, used 23033K [0x00000000eab00000, 0x00000000ec400000, 0x0000000100000000)
  eden space 21504K, 99% used [0x00000000eab00000,0x00000000ebffa410,0x00000000ec000000)
  from space 2048K, 75% used [0x00000000ec080000,0x00000000ec204118,0x00000000ec280000)
  to   space 1536K, 0% used [0x00000000ec280000,0x00000000ec280000,0x00000000ec400000)
 ParOldGen       total 68608K, used 27542K [0x00000000c0000000, 0x00000000c4300000, 0x00000000eab00000)
  object space 68608K, 40% used [0x00000000c0000000,0x00000000c1ae5be0,0x00000000c4300000)
 Metaspace       used 47914K, committed 48832K, reserved 1114112K
  class space    used 4985K, committed 5376K, reserved 1048576K
}
Event: 11.493 GC heap after
{Heap after GC invocations=22 (full 2):
 PSYoungGen      total 23040K, used 1062K [0x00000000eab00000, 0x00000000ec400000, 0x0000000100000000)
  eden space 21504K, 0% used [0x00000000eab00000,0x00000000eab00000,0x00000000ec000000)
  from space 1536K, 69% used [0x00000000ec280000,0x00000000ec389af8,0x00000000ec400000)
  to   space 1536K, 0% used [0x00000000ec100000,0x00000000ec100000,0x00000000ec280000)
 ParOldGen       total 68608K, used 28874K [0x00000000c0000000, 0x00000000c4300000, 0x00000000eab00000)
  object space 68608K, 42% used [0x00000000c0000000,0x00000000c1c328e0,0x00000000c4300000)
 Metaspace       used 47914K, committed 48832K, reserved 1114112K
  class space    used 4985K, committed 5376K, reserved 1048576K
}
Event: 11.762 GC heap before
{Heap before GC invocations=23 (full 2):
 PSYoungGen      total 23040K, used 22566K [0x00000000eab00000, 0x00000000ec400000, 0x0000000100000000)
  eden space 21504K, 100% used [0x00000000eab00000,0x00000000ec000000,0x00000000ec000000)
  from space 1536K, 69% used [0x00000000ec280000,0x00000000ec389af8,0x00000000ec400000)
  to   space 1536K, 0% used [0x00000000ec100000,0x00000000ec100000,0x00000000ec280000)
 ParOldGen       total 68608K, used 28874K [0x00000000c0000000, 0x00000000c4300000, 0x00000000eab00000)
  object space 68608K, 42% used [0x00000000c0000000,0x00000000c1c328e0,0x00000000c4300000)
 Metaspace       used 49140K, committed 50112K, reserved 1114112K
  class space    used 5124K, committed 5504K, reserved 1048576K
}
Event: 11.767 GC heap after
{Heap after GC invocations=23 (full 2):
 PSYoungGen      total 23040K, used 1506K [0x00000000eab00000, 0x00000000ec600000, 0x0000000100000000)
  eden space 21504K, 0% used [0x00000000eab00000,0x00000000eab00000,0x00000000ec000000)
  from space 1536K, 98% used [0x00000000ec100000,0x00000000ec278ad8,0x00000000ec280000)
  to   space 3072K, 0% used [0x00000000ec300000,0x00000000ec300000,0x00000000ec600000)
 ParOldGen       total 68608K, used 29830K [0x00000000c0000000, 0x00000000c4300000, 0x00000000eab00000)
  object space 68608K, 43% used [0x00000000c0000000,0x00000000c1d21a08,0x00000000c4300000)
 Metaspace       used 49140K, committed 50112K, reserved 1114112K
  class space    used 5124K, committed 5504K, reserved 1048576K
}
Event: 11.955 GC heap before
{Heap before GC invocations=24 (full 2):
 PSYoungGen      total 23040K, used 23010K [0x00000000eab00000, 0x00000000ec600000, 0x0000000100000000)
  eden space 21504K, 100% used [0x00000000eab00000,0x00000000ec000000,0x00000000ec000000)
  from space 1536K, 98% used [0x00000000ec100000,0x00000000ec278ad8,0x00000000ec280000)
  to   space 3072K, 0% used [0x00000000ec300000,0x00000000ec300000,0x00000000ec600000)
 ParOldGen       total 68608K, used 29830K [0x00000000c0000000, 0x00000000c4300000, 0x00000000eab00000)
  object space 68608K, 43% used [0x00000000c0000000,0x00000000c1d21a08,0x00000000c4300000)
 Metaspace       used 49895K, committed 50816K, reserved 1114112K
  class space    used 5223K, committed 5632K, reserved 1048576K
}
Event: 11.959 GC heap after
{Heap after GC invocations=24 (full 2):
 PSYoungGen      total 23552K, used 1802K [0x00000000eab00000, 0x00000000ec500000, 0x0000000100000000)
  eden space 21504K, 0% used [0x00000000eab00000,0x00000000eab00000,0x00000000ec000000)
  from space 2048K, 88% used [0x00000000ec300000,0x00000000ec4c29d0,0x00000000ec500000)
  to   space 2048K, 0% used [0x00000000ec100000,0x00000000ec100000,0x00000000ec300000)
 ParOldGen       total 68608K, used 31265K [0x00000000c0000000, 0x00000000c4300000, 0x00000000eab00000)
  object space 68608K, 45% used [0x00000000c0000000,0x00000000c1e88420,0x00000000c4300000)
 Metaspace       used 49895K, committed 50816K, reserved 1114112K
  class space    used 5223K, committed 5632K, reserved 1048576K
}
Event: 12.373 GC heap before
{Heap before GC invocations=25 (full 2):
 PSYoungGen      total 23552K, used 23306K [0x00000000eab00000, 0x00000000ec500000, 0x0000000100000000)
  eden space 21504K, 99% used [0x00000000eab00000,0x00000000ebffffe8,0x00000000ec000000)
  from space 2048K, 88% used [0x00000000ec300000,0x00000000ec4c29d0,0x00000000ec500000)
  to   space 2048K, 0% used [0x00000000ec100000,0x00000000ec100000,0x00000000ec300000)
 ParOldGen       total 68608K, used 31265K [0x00000000c0000000, 0x00000000c4300000, 0x00000000eab00000)
  object space 68608K, 45% used [0x00000000c0000000,0x00000000c1e88420,0x00000000c4300000)
 Metaspace       used 51108K, committed 52160K, reserved 1114112K
  class space    used 5392K, committed 5888K, reserved 1048576K
}
Event: 12.377 GC heap after
{Heap after GC invocations=25 (full 2):
 PSYoungGen      total 23040K, used 1504K [0x00000000eab00000, 0x00000000ec400000, 0x0000000100000000)
  eden space 21504K, 0% used [0x00000000eab00000,0x00000000eab00000,0x00000000ec000000)
  from space 1536K, 97% used [0x00000000ec100000,0x00000000ec278010,0x00000000ec280000)
  to   space 1536K, 0% used [0x00000000ec280000,0x00000000ec280000,0x00000000ec400000)
 ParOldGen       total 68608K, used 32953K [0x00000000c0000000, 0x00000000c4300000, 0x00000000eab00000)
  object space 68608K, 48% used [0x00000000c0000000,0x00000000c202e430,0x00000000c4300000)
 Metaspace       used 51108K, committed 52160K, reserved 1114112K
  class space    used 5392K, committed 5888K, reserved 1048576K
}
Event: 12.780 GC heap before
{Heap before GC invocations=26 (full 2):
 PSYoungGen      total 23040K, used 22998K [0x00000000eab00000, 0x00000000ec400000, 0x0000000100000000)
  eden space 21504K, 99% used [0x00000000eab00000,0x00000000ebffdb08,0x00000000ec000000)
  from space 1536K, 97% used [0x00000000ec100000,0x00000000ec278010,0x00000000ec280000)
  to   space 1536K, 0% used [0x00000000ec280000,0x00000000ec280000,0x00000000ec400000)
 ParOldGen       total 68608K, used 32953K [0x00000000c0000000, 0x00000000c4300000, 0x00000000eab00000)
  object space 68608K, 48% used [0x00000000c0000000,0x00000000c202e430,0x00000000c4300000)
 Metaspace       used 52083K, committed 53184K, reserved 1114112K
  class space    used 5536K, committed 6016K, reserved 1048576K
}
Event: 12.786 GC heap after
{Heap after GC invocations=26 (full 2):
 PSYoungGen      total 22528K, used 928K [0x00000000eab00000, 0x00000000ec380000, 0x0000000100000000)
  eden space 21504K, 0% used [0x00000000eab00000,0x00000000eab00000,0x00000000ec000000)
  from space 1024K, 90% used [0x00000000ec280000,0x00000000ec368000,0x00000000ec380000)
  to   space 1536K, 0% used [0x00000000ec080000,0x00000000ec080000,0x00000000ec200000)
 ParOldGen       total 68608K, used 34280K [0x00000000c0000000, 0x00000000c4300000, 0x00000000eab00000)
  object space 68608K, 49% used [0x00000000c0000000,0x00000000c217a130,0x00000000c4300000)
 Metaspace       used 52083K, committed 53184K, reserved 1114112K
  class space    used 5536K, committed 6016K, reserved 1048576K
}

