# JRE version: OpenJDK Runtime Environment Temurin-17.0.13+11 (17.0.13+11) (build 17.0.13+11)
# Java VM: OpenJDK 64-Bit Server VM Temurin-17.0.13+11 (17.0.13+11, mixed mode, tiered, compressed oops, compressed class ptrs, parallel gc, windows-amd64)
GC Precious Log:
 CPUs: 4 total, 4 available
 Memory: 8071M
 Large Page Support: Disabled
 NUMA Support: Disabled
 Compressed Oops: Enabled (32-bit)
 Alignments: Space 512K, Generation 512K, Heap 2M
 Heap Min Capacity: 100M
 Heap Initial Capacity: 100M
 Heap Max Capacity: 1G
 Pre-touch: Disabled
 Parallel Workers: 4
Heap:
 PSYoungGen      total 21504K, used 3201K [0x00000000eab00000, 0x00000000ec100000, 0x0000000100000000)
  eden space 20992K, 15% used [0x00000000eab00000,0x00000000eae20510,0x00000000ebf80000)
  from space 512K, 0% used [0x00000000ec080000,0x00000000ec080000,0x00000000ec100000)
  to   space 512K, 0% used [0x00000000ec000000,0x00000000ec000000,0x00000000ec080000)
 ParOldGen       total 268288K, used 219388K [0x00000000c0000000, 0x00000000d0600000, 0x00000000eab00000)
  object space 268288K, 81% used [0x00000000c0000000,0x00000000cd63f278,0x00000000d0600000)
 Metaspace       used 50703K, committed 51456K, reserved 1114112K
  class space    used 5049K, committed 5376K, reserved 1048576K
GC Heap History (20 events):
Event: 209.203 GC heap before
{Heap before GC invocations=277 (full 2):
 PSYoungGen      total 20992K, used 20575K [0x00000000eab00000, 0x00000000ec100000, 0x0000000100000000)
  eden space 20480K, 99% used [0x00000000eab00000,0x00000000ebefffe0,0x00000000ebf00000)
  from space 512K, 18% used [0x00000000ec080000,0x00000000ec098000,0x00000000ec100000)
  to   space 512K, 0% used [0x00000000ec000000,0x00000000ec000000,0x00000000ec080000)
 ParOldGen       total 432128K, used 416282K [0x00000000c0000000, 0x00000000da600000, 0x00000000eab00000)
  object space 432128K, 96% used [0x00000000c0000000,0x00000000d96869f0,0x00000000da600000)
 Metaspace       used 50667K, committed 51456K, reserved 1114112K
  class space    used 5054K, committed 5376K, reserved 1048576K
}
Event: 209.204 GC heap after
{Heap after GC invocations=277 (full 2):
 PSYoungGen      total 20992K, used 128K [0x00000000eab00000, 0x00000000ec100000, 0x0000000100000000)
  eden space 20480K, 0% used [0x00000000eab00000,0x00000000eab00000,0x00000000ebf00000)
  from space 512K, 25% used [0x00000000ec000000,0x00000000ec020000,0x00000000ec080000)
  to   space 512K, 0% used [0x00000000ec080000,0x00000000ec080000,0x00000000ec100000)
 ParOldGen       total 432128K, used 416290K [0x00000000c0000000, 0x00000000da600000, 0x00000000eab00000)
  object space 432128K, 96% used [0x00000000c0000000,0x00000000d96889f0,0x00000000da600000)
 Metaspace       used 50667K, committed 51456K, reserved 1114112K
  class space    used 5054K, committed 5376K, reserved 1048576K
}
Event: 209.269 GC heap before
{Heap before GC invocations=278 (full 2):
 PSYoungGen      total 20992K, used 20608K [0x00000000eab00000, 0x00000000ec100000, 0x0000000100000000)
  eden space 20480K, 100% used [0x00000000eab00000,0x00000000ebf00000,0x00000000ebf00000)
  from space 512K, 25% used [0x00000000ec000000,0x00000000ec020000,0x00000000ec080000)
  to   space 512K, 0% used [0x00000000ec080000,0x00000000ec080000,0x00000000ec100000)
 ParOldGen       total 432128K, used 416290K [0x00000000c0000000, 0x00000000da600000, 0x00000000eab00000)
  object space 432128K, 96% used [0x00000000c0000000,0x00000000d96889f0,0x00000000da600000)
 Metaspace       used 50667K, committed 51456K, reserved 1114112K
  class space    used 5054K, committed 5376K, reserved 1048576K
}
Event: 209.270 GC heap after
{Heap after GC invocations=278 (full 2):
 PSYoungGen      total 20992K, used 128K [0x00000000eab00000, 0x00000000ec100000, 0x0000000100000000)
  eden space 20480K, 0% used [0x00000000eab00000,0x00000000eab00000,0x00000000ebf00000)
  from space 512K, 25% used [0x00000000ec080000,0x00000000ec0a0000,0x00000000ec100000)
  to   space 512K, 0% used [0x00000000ec000000,0x00000000ec000000,0x00000000ec080000)
 ParOldGen       total 432128K, used 416290K [0x00000000c0000000, 0x00000000da600000, 0x00000000eab00000)
  object space 432128K, 96% used [0x00000000c0000000,0x00000000d96889f0,0x00000000da600000)
 Metaspace       used 50667K, committed 51456K, reserved 1114112K
  class space    used 5054K, committed 5376K, reserved 1048576K
}
Event: 209.335 GC heap before
{Heap before GC invocations=279 (full 2):
 PSYoungGen      total 20992K, used 20608K [0x00000000eab00000, 0x00000000ec100000, 0x0000000100000000)
  eden space 20480K, 100% used [0x00000000eab00000,0x00000000ebf00000,0x00000000ebf00000)
  from space 512K, 25% used [0x00000000ec080000,0x00000000ec0a0000,0x00000000ec100000)
  to   space 512K, 0% used [0x00000000ec000000,0x00000000ec000000,0x00000000ec080000)
 ParOldGen       total 432128K, used 416290K [0x00000000c0000000, 0x00000000da600000, 0x00000000eab00000)
  object space 432128K, 96% used [0x00000000c0000000,0x00000000d96889f0,0x00000000da600000)
 Metaspace       used 50667K, committed 51456K, reserved 1114112K
  class space    used 5054K, committed 5376K, reserved 1048576K
}
Event: 209.336 GC heap after
{Heap after GC invocations=279 (full 2):
 PSYoungGen      total 20992K, used 128K [0x00000000eab00000, 0x00000000ec100000, 0x0000000100000000)
  eden space 20480K, 0% used [0x00000000eab00000,0x00000000eab00000,0x00000000ebf00000)
  from space 512K, 25% used [0x00000000ec000000,0x00000000ec020000,0x00000000ec080000)
  to   space 512K, 0% used [0x00000000ec080000,0x00000000ec080000,0x00000000ec100000)
 ParOldGen       total 432128K, used 416290K [0x00000000c0000000, 0x00000000da600000, 0x00000000eab00000)
  object space 432128K, 96% used [0x00000000c0000000,0x00000000d96889f0,0x00000000da600000)
 Metaspace       used 50667K, committed 51456K, reserved 1114112K
  class space    used 5054K, committed 5376K, reserved 1048576K
}
Event: 209.387 GC heap before
{Heap before GC invocations=280 (full 2):
 PSYoungGen      total 20992K, used 20608K [0x00000000eab00000, 0x00000000ec100000, 0x0000000100000000)
  eden space 20480K, 100% used [0x00000000eab00000,0x00000000ebf00000,0x00000000ebf00000)
  from space 512K, 25% used [0x00000000ec000000,0x00000000ec020000,0x00000000ec080000)
  to   space 512K, 0% used [0x00000000ec080000,0x00000000ec080000,0x00000000ec100000)
 ParOldGen       total 432128K, used 416290K [0x00000000c0000000, 0x00000000da600000, 0x00000000eab00000)
  object space 432128K, 96% used [0x00000000c0000000,0x00000000d96889f0,0x00000000da600000)
 Metaspace       used 50667K, committed 51456K, reserved 1114112K
  class space    used 5054K, committed 5376K, reserved 1048576K
}
Event: 209.388 GC heap after
{Heap after GC invocations=280 (full 2):
 PSYoungGen      total 20992K, used 128K [0x00000000eab00000, 0x00000000ec100000, 0x0000000100000000)
  eden space 20480K, 0% used [0x00000000eab00000,0x00000000eab00000,0x00000000ebf00000)
  from space 512K, 25% used [0x00000000ec080000,0x00000000ec0a0000,0x00000000ec100000)
  to   space 512K, 0% used [0x00000000ec000000,0x00000000ec000000,0x00000000ec080000)
 ParOldGen       total 432128K, used 416290K [0x00000000c0000000, 0x00000000da600000, 0x00000000eab00000)
  object space 432128K, 96% used [0x00000000c0000000,0x00000000d96889f0,0x00000000da600000)
 Metaspace       used 50667K, committed 51456K, reserved 1114112K
  class space    used 5054K, committed 5376K, reserved 1048576K
}
Event: 209.457 GC heap before
{Heap before GC invocations=281 (full 2):
 PSYoungGen      total 20992K, used 20608K [0x00000000eab00000, 0x00000000ec100000, 0x0000000100000000)
  eden space 20480K, 100% used [0x00000000eab00000,0x00000000ebf00000,0x00000000ebf00000)
  from space 512K, 25% used [0x00000000ec080000,0x00000000ec0a0000,0x00000000ec100000)
  to   space 512K, 0% used [0x00000000ec000000,0x00000000ec000000,0x00000000ec080000)
 ParOldGen       total 432128K, used 416290K [0x00000000c0000000, 0x00000000da600000, 0x00000000eab00000)
  object space 432128K, 96% used [0x00000000c0000000,0x00000000d96889f0,0x00000000da600000)
 Metaspace       used 50667K, committed 51456K, reserved 1114112K
  class space    used 5054K, committed 5376K, reserved 1048576K
}
Event: 209.458 GC heap after
{Heap after GC invocations=281 (full 2):
 PSYoungGen      total 20992K, used 64K [0x00000000eab00000, 0x00000000ec100000, 0x0000000100000000)
  eden space 20480K, 0% used [0x00000000eab00000,0x00000000eab00000,0x00000000ebf00000)
  from space 512K, 12% used [0x00000000ec000000,0x00000000ec010000,0x00000000ec080000)
  to   space 512K, 0% used [0x00000000ec080000,0x00000000ec080000,0x00000000ec100000)
 ParOldGen       total 432128K, used 416290K [0x00000000c0000000, 0x00000000da600000, 0x00000000eab00000)
  object space 432128K, 96% used [0x00000000c0000000,0x00000000d96889f0,0x00000000da600000)
 Metaspace       used 50667K, committed 51456K, reserved 1114112K
  class space    used 5054K, committed 5376K, reserved 1048576K
}
Event: 209.494 GC heap before
{Heap before GC invocations=282 (full 2):
 PSYoungGen      total 20992K, used 9917K [0x00000000eab00000, 0x00000000ec100000, 0x0000000100000000)
  eden space 20480K, 48% used [0x00000000eab00000,0x00000000eb49f550,0x00000000ebf00000)
  from space 512K, 12% used [0x00000000ec000000,0x00000000ec010000,0x00000000ec080000)
  to   space 512K, 0% used [0x00000000ec080000,0x00000000ec080000,0x00000000ec100000)
 ParOldGen       total 432128K, used 416290K [0x00000000c0000000, 0x00000000da600000, 0x00000000eab00000)
  object space 432128K, 96% used [0x00000000c0000000,0x00000000d96889f0,0x00000000da600000)
 Metaspace       used 50667K, committed 51456K, reserved 1114112K
  class space    used 5054K, committed 5376K, reserved 1048576K
}
Event: 209.495 GC heap after
{Heap after GC invocations=282 (full 2):
 PSYoungGen      total 20992K, used 96K [0x00000000eab00000, 0x00000000ec100000, 0x0000000100000000)
  eden space 20480K, 0% used [0x00000000eab00000,0x00000000eab00000,0x00000000ebf00000)
  from space 512K, 18% used [0x00000000ec080000,0x00000000ec098000,0x00000000ec100000)
  to   space 512K, 0% used [0x00000000ec000000,0x00000000ec000000,0x00000000ec080000)
 ParOldGen       total 432128K, used 416290K [0x00000000c0000000, 0x00000000da600000, 0x00000000eab00000)
  object space 432128K, 96% used [0x00000000c0000000,0x00000000d96889f0,0x00000000da600000)
 Metaspace       used 50667K, committed 51456K, reserved 1114112K
  class space    used 5054K, committed 5376K, reserved 1048576K
}
Event: 209.499 GC heap before
{Heap before GC invocations=283 (full 2):
 PSYoungGen      total 20992K, used 96K [0x00000000eab00000, 0x00000000ec100000, 0x0000000100000000)
  eden space 20480K, 0% used [0x00000000eab00000,0x00000000eab00000,0x00000000ebf00000)
  from space 512K, 18% used [0x00000000ec080000,0x00000000ec098000,0x00000000ec100000)
  to   space 512K, 0% used [0x00000000ec000000,0x00000000ec000000,0x00000000ec080000)
 ParOldGen       total 432128K, used 416290K [0x00000000c0000000, 0x00000000da600000, 0x00000000eab00000)
  object space 432128K, 96% used [0x00000000c0000000,0x00000000d96889f0,0x00000000da600000)
 Metaspace       used 50667K, committed 51456K, reserved 1114112K
  class space    used 5054K, committed 5376K, reserved 1048576K
}
Event: 209.499 GC heap after
{Heap after GC invocations=283 (full 2):
 PSYoungGen      total 20992K, used 0K [0x00000000eab00000, 0x00000000ec100000, 0x0000000100000000)
  eden space 20480K, 0% used [0x00000000eab00000,0x00000000eab00000,0x00000000ebf00000)
  from space 512K, 0% used [0x00000000ec000000,0x00000000ec000000,0x00000000ec080000)
  to   space 512K, 0% used [0x00000000ec080000,0x00000000ec080000,0x00000000ec100000)
 ParOldGen       total 432128K, used 416322K [0x00000000c0000000, 0x00000000da600000, 0x00000000eab00000)
  object space 432128K, 96% used [0x00000000c0000000,0x00000000d96909f0,0x00000000da600000)
 Metaspace       used 50667K, committed 51456K, reserved 1114112K
  class space    used 5054K, committed 5376K, reserved 1048576K
}
Event: 209.499 GC heap before
{Heap before GC invocations=284 (full 3):
 PSYoungGen      total 20992K, used 0K [0x00000000eab00000, 0x00000000ec100000, 0x0000000100000000)
  eden space 20480K, 0% used [0x00000000eab00000,0x00000000eab00000,0x00000000ebf00000)
  from space 512K, 0% used [0x00000000ec000000,0x00000000ec000000,0x00000000ec080000)
  to   space 512K, 0% used [0x00000000ec080000,0x00000000ec080000,0x00000000ec100000)
 ParOldGen       total 432128K, used 416322K [0x00000000c0000000, 0x00000000da600000, 0x00000000eab00000)
  object space 432128K, 96% used [0x00000000c0000000,0x00000000d96909f0,0x00000000da600000)
 Metaspace       used 50667K, committed 51456K, reserved 1114112K
  class space    used 5054K, committed 5376K, reserved 1048576K
}
Event: 210.603 GC heap after
{Heap after GC invocations=284 (full 3):
 PSYoungGen      total 20992K, used 0K [0x00000000eab00000, 0x00000000ec100000, 0x0000000100000000)
  eden space 20480K, 0% used [0x00000000eab00000,0x00000000eab00000,0x00000000ebf00000)
  from space 512K, 0% used [0x00000000ec080000,0x00000000ec080000,0x00000000ec100000)
  to   space 512K, 0% used [0x00000000ec000000,0x00000000ec000000,0x00000000ec080000)
 ParOldGen       total 246784K, used 221402K [0x00000000c0000000, 0x00000000cf100000, 0x00000000eab00000)
  object space 246784K, 89% used [0x00000000c0000000,0x00000000cd836938,0x00000000cf100000)
 Metaspace       used 50667K, committed 51456K, reserved 1114112K
  class space    used 5054K, committed 5376K, reserved 1048576K
}
Event: 210.603 GC heap before
{Heap before GC invocations=285 (full 3):
 PSYoungGen      total 20992K, used 0K [0x00000000eab00000, 0x00000000ec100000, 0x0000000100000000)
  eden space 20480K, 0% used [0x00000000eab00000,0x00000000eab00000,0x00000000ebf00000)
  from space 512K, 0% used [0x00000000ec080000,0x00000000ec080000,0x00000000ec100000)
  to   space 512K, 0% used [0x00000000ec000000,0x00000000ec000000,0x00000000ec080000)
 ParOldGen       total 246784K, used 221402K [0x00000000c0000000, 0x00000000cf100000, 0x00000000eab00000)
  object space 246784K, 89% used [0x00000000c0000000,0x00000000cd836938,0x00000000cf100000)
 Metaspace       used 50667K, committed 51456K, reserved 1114112K
  class space    used 5054K, committed 5376K, reserved 1048576K
}
Event: 210.603 GC heap after
{Heap after GC invocations=285 (full 3):
 PSYoungGen      total 20992K, used 0K [0x00000000eab00000, 0x00000000ec100000, 0x0000000100000000)
  eden space 20480K, 0% used [0x00000000eab00000,0x00000000eab00000,0x00000000ebf00000)
  from space 512K, 0% used [0x00000000ec000000,0x00000000ec000000,0x00000000ec080000)
  to   space 512K, 0% used [0x00000000ec080000,0x00000000ec080000,0x00000000ec100000)
 ParOldGen       total 246784K, used 221402K [0x00000000c0000000, 0x00000000cf100000, 0x00000000eab00000)
  object space 246784K, 89% used [0x00000000c0000000,0x00000000cd836938,0x00000000cf100000)
 Metaspace       used 50667K, committed 51456K, reserved 1114112K
  class space    used 5054K, committed 5376K, reserved 1048576K
}
Event: 210.603 GC heap before
{Heap before GC invocations=286 (full 4):
 PSYoungGen      total 20992K, used 0K [0x00000000eab00000, 0x00000000ec100000, 0x0000000100000000)
  eden space 20480K, 0% used [0x00000000eab00000,0x00000000eab00000,0x00000000ebf00000)
  from space 512K, 0% used [0x00000000ec000000,0x00000000ec000000,0x00000000ec080000)
  to   space 512K, 0% used [0x00000000ec080000,0x00000000ec080000,0x00000000ec100000)
 ParOldGen       total 246784K, used 221402K [0x00000000c0000000, 0x00000000cf100000, 0x00000000eab00000)
  object space 246784K, 89% used [0x00000000c0000000,0x00000000cd836938,0x00000000cf100000)
 Metaspace       used 50667K, committed 51456K, reserved 1114112K
  class space    used 5054K, committed 5376K, reserved 1048576K
}
Event: 211.000 GC heap after
{Heap after GC invocations=286 (full 4):
 PSYoungGen      total 21504K, used 0K [0x00000000eab00000, 0x00000000ec100000, 0x0000000100000000)
  eden space 20992K, 0% used [0x00000000eab00000,0x00000000eab00000,0x00000000ebf80000)
  from space 512K, 0% used [0x00000000ec080000,0x00000000ec080000,0x00000000ec100000)
  to   space 512K, 0% used [0x00000000ec000000,0x00000000ec000000,0x00000000ec080000)
 ParOldGen       total 268288K, used 219388K [0x00000000c0000000, 0x00000000d0600000, 0x00000000eab00000)
  object space 268288K, 81% used [0x00000000c0000000,0x00000000cd63f278,0x00000000d0600000)
 Metaspace       used 50527K, committed 51456K, reserved 1114112K
  class space    used 5019K, committed 5376K, reserved 1048576K
}

