# JRE version: OpenJDK Runtime Environment Temurin-17.0.13+11 (17.0.13+11) (build 17.0.13+11)
# Java VM: OpenJDK 64-Bit Server VM Temurin-17.0.13+11 (17.0.13+11, mixed mode, tiered, compressed oops, compressed class ptrs, parallel gc, windows-amd64)
GC Precious Log:
 CPUs: 4 total, 4 available
 Memory: 8071M
 Large Page Support: Disabled
 NUMA Support: Disabled
 Compressed Oops: Enabled (32-bit)
 Alignments: Space 512K, Generation 512K, Heap 2M
 Heap Min Capacity: 100M
 Heap Initial Capacity: 100M
 Heap Max Capacity: 1G
 Pre-touch: Disabled
 Parallel Workers: 4
Heap:
 PSYoungGen      total 22528K, used 19524K [0x00000000eab00000, 0x00000000ec480000, 0x0000000100000000)
  eden space 20992K, 86% used [0x00000000eab00000,0x00000000ebcb10d8,0x00000000ebf80000)
  from space 1536K, 91% used [0x00000000ec300000,0x00000000ec460020,0x00000000ec480000)
  to   space 1536K, 0% used [0x00000000ec180000,0x00000000ec180000,0x00000000ec300000)
 ParOldGen       total 368640K, used 364744K [0x00000000c0000000, 0x00000000d6800000, 0x00000000eab00000)
  object space 368640K, 98% used [0x00000000c0000000,0x00000000d64320b8,0x00000000d6800000)
 Metaspace       used 84894K, committed 86208K, reserved 1179648K
  class space    used 8752K, committed 9280K, reserved 1048576K
GC Heap History (20 events):
Event: 589.831 GC heap before
{Heap before GC invocations=172 (full 11):
 PSYoungGen      total 25088K, used 25060K [0x00000000eab00000, 0x00000000ecb80000, 0x0000000100000000)
  eden space 20992K, 100% used [0x00000000eab00000,0x00000000ebf80000,0x00000000ebf80000)
  from space 4096K, 99% used [0x00000000ec680000,0x00000000eca792c0,0x00000000eca80000)
  to   space 6144K, 0% used [0x00000000ebf80000,0x00000000ebf80000,0x00000000ec580000)
 ParOldGen       total 368640K, used 360731K [0x00000000c0000000, 0x00000000d6800000, 0x00000000eab00000)
  object space 368640K, 97% used [0x00000000c0000000,0x00000000d6046ec8,0x00000000d6800000)
 Metaspace       used 84545K, committed 85824K, reserved 1179648K
  class space    used 8738K, committed 9280K, reserved 1048576K
}
Event: 589.841 GC heap after
{Heap after GC invocations=172 (full 11):
 PSYoungGen      total 25600K, used 4133K [0x00000000eab00000, 0x00000000ec980000, 0x0000000100000000)
  eden space 20992K, 0% used [0x00000000eab00000,0x00000000eab00000,0x00000000ebf80000)
  from space 4608K, 89% used [0x00000000ebf80000,0x00000000ec389538,0x00000000ec400000)
  to   space 5120K, 0% used [0x00000000ec480000,0x00000000ec480000,0x00000000ec980000)
 ParOldGen       total 368640K, used 361440K [0x00000000c0000000, 0x00000000d6800000, 0x00000000eab00000)
  object space 368640K, 98% used [0x00000000c0000000,0x00000000d60f8348,0x00000000d6800000)
 Metaspace       used 84545K, committed 85824K, reserved 1179648K
  class space    used 8738K, committed 9280K, reserved 1048576K
}
Event: 590.394 GC heap before
{Heap before GC invocations=173 (full 11):
 PSYoungGen      total 25600K, used 25125K [0x00000000eab00000, 0x00000000ec980000, 0x0000000100000000)
  eden space 20992K, 100% used [0x00000000eab00000,0x00000000ebf80000,0x00000000ebf80000)
  from space 4608K, 89% used [0x00000000ebf80000,0x00000000ec389538,0x00000000ec400000)
  to   space 5120K, 0% used [0x00000000ec480000,0x00000000ec480000,0x00000000ec980000)
 ParOldGen       total 368640K, used 361440K [0x00000000c0000000, 0x00000000d6800000, 0x00000000eab00000)
  object space 368640K, 98% used [0x00000000c0000000,0x00000000d60f8348,0x00000000d6800000)
 Metaspace       used 84588K, committed 85824K, reserved 1179648K
  class space    used 8738K, committed 9280K, reserved 1048576K
}
Event: 590.399 GC heap after
{Heap after GC invocations=173 (full 11):
 PSYoungGen      total 25088K, used 4085K [0x00000000eab00000, 0x00000000ec880000, 0x0000000100000000)
  eden space 20992K, 0% used [0x00000000eab00000,0x00000000eab00000,0x00000000ebf80000)
  from space 4096K, 99% used [0x00000000ec480000,0x00000000ec87d528,0x00000000ec880000)
  to   space 4608K, 0% used [0x00000000ebf80000,0x00000000ebf80000,0x00000000ec400000)
 ParOldGen       total 368640K, used 361440K [0x00000000c0000000, 0x00000000d6800000, 0x00000000eab00000)
  object space 368640K, 98% used [0x00000000c0000000,0x00000000d60f8348,0x00000000d6800000)
 Metaspace       used 84588K, committed 85824K, reserved 1179648K
  class space    used 8738K, committed 9280K, reserved 1048576K
}
Event: 660.623 GC heap before
{Heap before GC invocations=174 (full 11):
 PSYoungGen      total 25088K, used 25077K [0x00000000eab00000, 0x00000000ec880000, 0x0000000100000000)
  eden space 20992K, 100% used [0x00000000eab00000,0x00000000ebf80000,0x00000000ebf80000)
  from space 4096K, 99% used [0x00000000ec480000,0x00000000ec87d528,0x00000000ec880000)
  to   space 4608K, 0% used [0x00000000ebf80000,0x00000000ebf80000,0x00000000ec400000)
 ParOldGen       total 368640K, used 361440K [0x00000000c0000000, 0x00000000d6800000, 0x00000000eab00000)
  object space 368640K, 98% used [0x00000000c0000000,0x00000000d60f8348,0x00000000d6800000)
 Metaspace       used 84659K, committed 85888K, reserved 1179648K
  class space    used 8745K, committed 9280K, reserved 1048576K
}
Event: 660.628 GC heap after
{Heap after GC invocations=174 (full 11):
 PSYoungGen      total 25088K, used 3909K [0x00000000eab00000, 0x00000000ec780000, 0x0000000100000000)
  eden space 20992K, 0% used [0x00000000eab00000,0x00000000eab00000,0x00000000ebf80000)
  from space 4096K, 95% used [0x00000000ebf80000,0x00000000ec3514f8,0x00000000ec380000)
  to   space 4096K, 0% used [0x00000000ec380000,0x00000000ec380000,0x00000000ec780000)
 ParOldGen       total 368640K, used 361480K [0x00000000c0000000, 0x00000000d6800000, 0x00000000eab00000)
  object space 368640K, 98% used [0x00000000c0000000,0x00000000d6102348,0x00000000d6800000)
 Metaspace       used 84659K, committed 85888K, reserved 1179648K
  class space    used 8745K, committed 9280K, reserved 1048576K
}
Event: 700.342 GC heap before
{Heap before GC invocations=175 (full 11):
 PSYoungGen      total 25088K, used 24901K [0x00000000eab00000, 0x00000000ec780000, 0x0000000100000000)
  eden space 20992K, 100% used [0x00000000eab00000,0x00000000ebf80000,0x00000000ebf80000)
  from space 4096K, 95% used [0x00000000ebf80000,0x00000000ec3514f8,0x00000000ec380000)
  to   space 4096K, 0% used [0x00000000ec380000,0x00000000ec380000,0x00000000ec780000)
 ParOldGen       total 368640K, used 361480K [0x00000000c0000000, 0x00000000d6800000, 0x00000000eab00000)
  object space 368640K, 98% used [0x00000000c0000000,0x00000000d6102348,0x00000000d6800000)
 Metaspace       used 84688K, committed 85952K, reserved 1179648K
  class space    used 8745K, committed 9280K, reserved 1048576K
}
Event: 700.351 GC heap after
{Heap after GC invocations=175 (full 11):
 PSYoungGen      total 25088K, used 3589K [0x00000000eab00000, 0x00000000ec780000, 0x0000000100000000)
  eden space 20992K, 0% used [0x00000000eab00000,0x00000000eab00000,0x00000000ebf80000)
  from space 4096K, 87% used [0x00000000ec380000,0x00000000ec7014d8,0x00000000ec780000)
  to   space 4096K, 0% used [0x00000000ebf80000,0x00000000ebf80000,0x00000000ec380000)
 ParOldGen       total 368640K, used 361867K [0x00000000c0000000, 0x00000000d6800000, 0x00000000eab00000)
  object space 368640K, 98% used [0x00000000c0000000,0x00000000d6162de8,0x00000000d6800000)
 Metaspace       used 84688K, committed 85952K, reserved 1179648K
  class space    used 8745K, committed 9280K, reserved 1048576K
}
Event: 702.004 GC heap before
{Heap before GC invocations=176 (full 11):
 PSYoungGen      total 25088K, used 24581K [0x00000000eab00000, 0x00000000ec780000, 0x0000000100000000)
  eden space 20992K, 100% used [0x00000000eab00000,0x00000000ebf80000,0x00000000ebf80000)
  from space 4096K, 87% used [0x00000000ec380000,0x00000000ec7014d8,0x00000000ec780000)
  to   space 4096K, 0% used [0x00000000ebf80000,0x00000000ebf80000,0x00000000ec380000)
 ParOldGen       total 368640K, used 361867K [0x00000000c0000000, 0x00000000d6800000, 0x00000000eab00000)
  object space 368640K, 98% used [0x00000000c0000000,0x00000000d6162de8,0x00000000d6800000)
 Metaspace       used 84738K, committed 85952K, reserved 1179648K
  class space    used 8751K, committed 9280K, reserved 1048576K
}
Event: 702.008 GC heap after
{Heap after GC invocations=176 (full 11):
 PSYoungGen      total 24064K, used 2741K [0x00000000eab00000, 0x00000000ec680000, 0x0000000100000000)
  eden space 20992K, 0% used [0x00000000eab00000,0x00000000eab00000,0x00000000ebf80000)
  from space 3072K, 89% used [0x00000000ebf80000,0x00000000ec22d4a8,0x00000000ec280000)
  to   space 3584K, 0% used [0x00000000ec300000,0x00000000ec300000,0x00000000ec680000)
 ParOldGen       total 368640K, used 362019K [0x00000000c0000000, 0x00000000d6800000, 0x00000000eab00000)
  object space 368640K, 98% used [0x00000000c0000000,0x00000000d6188de8,0x00000000d6800000)
 Metaspace       used 84738K, committed 85952K, reserved 1179648K
  class space    used 8751K, committed 9280K, reserved 1048576K
}
Event: 702.567 GC heap before
{Heap before GC invocations=177 (full 11):
 PSYoungGen      total 24064K, used 23733K [0x00000000eab00000, 0x00000000ec680000, 0x0000000100000000)
  eden space 20992K, 100% used [0x00000000eab00000,0x00000000ebf80000,0x00000000ebf80000)
  from space 3072K, 89% used [0x00000000ebf80000,0x00000000ec22d4a8,0x00000000ec280000)
  to   space 3584K, 0% used [0x00000000ec300000,0x00000000ec300000,0x00000000ec680000)
 ParOldGen       total 368640K, used 362019K [0x00000000c0000000, 0x00000000d6800000, 0x00000000eab00000)
  object space 368640K, 98% used [0x00000000c0000000,0x00000000d6188de8,0x00000000d6800000)
 Metaspace       used 84758K, committed 85952K, reserved 1179648K
  class space    used 8751K, committed 9280K, reserved 1048576K
}
Event: 702.571 GC heap after
{Heap after GC invocations=177 (full 11):
 PSYoungGen      total 24576K, used 3397K [0x00000000eab00000, 0x00000000ec680000, 0x0000000100000000)
  eden space 20992K, 0% used [0x00000000eab00000,0x00000000eab00000,0x00000000ebf80000)
  from space 3584K, 94% used [0x00000000ec300000,0x00000000ec6514d8,0x00000000ec680000)
  to   space 3584K, 0% used [0x00000000ebf80000,0x00000000ebf80000,0x00000000ec300000)
 ParOldGen       total 368640K, used 362035K [0x00000000c0000000, 0x00000000d6800000, 0x00000000eab00000)
  object space 368640K, 98% used [0x00000000c0000000,0x00000000d618cde8,0x00000000d6800000)
 Metaspace       used 84758K, committed 85952K, reserved 1179648K
  class space    used 8751K, committed 9280K, reserved 1048576K
}
Event: 703.124 GC heap before
{Heap before GC invocations=178 (full 11):
 PSYoungGen      total 24576K, used 24389K [0x00000000eab00000, 0x00000000ec680000, 0x0000000100000000)
  eden space 20992K, 100% used [0x00000000eab00000,0x00000000ebf80000,0x00000000ebf80000)
  from space 3584K, 94% used [0x00000000ec300000,0x00000000ec6514d8,0x00000000ec680000)
  to   space 3584K, 0% used [0x00000000ebf80000,0x00000000ebf80000,0x00000000ec300000)
 ParOldGen       total 368640K, used 362035K [0x00000000c0000000, 0x00000000d6800000, 0x00000000eab00000)
  object space 368640K, 98% used [0x00000000c0000000,0x00000000d618cde8,0x00000000d6800000)
 Metaspace       used 84782K, committed 86016K, reserved 1179648K
  class space    used 8751K, committed 9280K, reserved 1048576K
}
Event: 703.132 GC heap after
{Heap after GC invocations=178 (full 11):
 PSYoungGen      total 24576K, used 3583K [0x00000000eab00000, 0x00000000ec880000, 0x0000000100000000)
  eden space 20992K, 0% used [0x00000000eab00000,0x00000000eab00000,0x00000000ebf80000)
  from space 3584K, 99% used [0x00000000ebf80000,0x00000000ec2ffe68,0x00000000ec300000)
  to   space 4608K, 0% used [0x00000000ec400000,0x00000000ec400000,0x00000000ec880000)
 ParOldGen       total 368640K, used 362656K [0x00000000c0000000, 0x00000000d6800000, 0x00000000eab00000)
  object space 368640K, 98% used [0x00000000c0000000,0x00000000d6228098,0x00000000d6800000)
 Metaspace       used 84782K, committed 86016K, reserved 1179648K
  class space    used 8751K, committed 9280K, reserved 1048576K
}
Event: 787.213 GC heap before
{Heap before GC invocations=179 (full 11):
 PSYoungGen      total 24576K, used 24575K [0x00000000eab00000, 0x00000000ec880000, 0x0000000100000000)
  eden space 20992K, 100% used [0x00000000eab00000,0x00000000ebf80000,0x00000000ebf80000)
  from space 3584K, 99% used [0x00000000ebf80000,0x00000000ec2ffe68,0x00000000ec300000)
  to   space 4608K, 0% used [0x00000000ec400000,0x00000000ec400000,0x00000000ec880000)
 ParOldGen       total 368640K, used 362656K [0x00000000c0000000, 0x00000000d6800000, 0x00000000eab00000)
  object space 368640K, 98% used [0x00000000c0000000,0x00000000d6228098,0x00000000d6800000)
 Metaspace       used 84841K, committed 86080K, reserved 1179648K
  class space    used 8752K, committed 9280K, reserved 1048576K
}
Event: 787.219 GC heap after
{Heap after GC invocations=179 (full 11):
 PSYoungGen      total 22528K, used 1472K [0x00000000eab00000, 0x00000000ec580000, 0x0000000100000000)
  eden space 20992K, 0% used [0x00000000eab00000,0x00000000eab00000,0x00000000ebf80000)
  from space 1536K, 95% used [0x00000000ec400000,0x00000000ec570020,0x00000000ec580000)
  to   space 2560K, 0% used [0x00000000ec080000,0x00000000ec080000,0x00000000ec300000)
 ParOldGen       total 368640K, used 364672K [0x00000000c0000000, 0x00000000d6800000, 0x00000000eab00000)
  object space 368640K, 98% used [0x00000000c0000000,0x00000000d64200b8,0x00000000d6800000)
 Metaspace       used 84841K, committed 86080K, reserved 1179648K
  class space    used 8752K, committed 9280K, reserved 1048576K
}
Event: 800.836 GC heap before
{Heap before GC invocations=180 (full 11):
 PSYoungGen      total 22528K, used 22464K [0x00000000eab00000, 0x00000000ec580000, 0x0000000100000000)
  eden space 20992K, 100% used [0x00000000eab00000,0x00000000ebf80000,0x00000000ebf80000)
  from space 1536K, 95% used [0x00000000ec400000,0x00000000ec570020,0x00000000ec580000)
  to   space 2560K, 0% used [0x00000000ec080000,0x00000000ec080000,0x00000000ec300000)
 ParOldGen       total 368640K, used 364672K [0x00000000c0000000, 0x00000000d6800000, 0x00000000eab00000)
  object space 368640K, 98% used [0x00000000c0000000,0x00000000d64200b8,0x00000000d6800000)
 Metaspace       used 84842K, committed 86080K, reserved 1179648K
  class space    used 8752K, committed 9280K, reserved 1048576K
}
Event: 800.842 GC heap after
{Heap after GC invocations=180 (full 11):
 PSYoungGen      total 23552K, used 800K [0x00000000eab00000, 0x00000000ec480000, 0x0000000100000000)
  eden space 20992K, 0% used [0x00000000eab00000,0x00000000eab00000,0x00000000ebf80000)
  from space 2560K, 31% used [0x00000000ec080000,0x00000000ec148000,0x00000000ec300000)
  to   space 1536K, 0% used [0x00000000ec300000,0x00000000ec300000,0x00000000ec480000)
 ParOldGen       total 368640K, used 364680K [0x00000000c0000000, 0x00000000d6800000, 0x00000000eab00000)
  object space 368640K, 98% used [0x00000000c0000000,0x00000000d64220b8,0x00000000d6800000)
 Metaspace       used 84842K, committed 86080K, reserved 1179648K
  class space    used 8752K, committed 9280K, reserved 1048576K
}
Event: 801.814 GC heap before
{Heap before GC invocations=181 (full 11):
 PSYoungGen      total 23552K, used 21792K [0x00000000eab00000, 0x00000000ec480000, 0x0000000100000000)
  eden space 20992K, 100% used [0x00000000eab00000,0x00000000ebf80000,0x00000000ebf80000)
  from space 2560K, 31% used [0x00000000ec080000,0x00000000ec148000,0x00000000ec300000)
  to   space 1536K, 0% used [0x00000000ec300000,0x00000000ec300000,0x00000000ec480000)
 ParOldGen       total 368640K, used 364680K [0x00000000c0000000, 0x00000000d6800000, 0x00000000eab00000)
  object space 368640K, 98% used [0x00000000c0000000,0x00000000d64220b8,0x00000000d6800000)
 Metaspace       used 84861K, committed 86080K, reserved 1179648K
  class space    used 8752K, committed 9280K, reserved 1048576K
}
Event: 801.816 GC heap after
{Heap after GC invocations=181 (full 11):
 PSYoungGen      total 22528K, used 1408K [0x00000000eab00000, 0x00000000ec480000, 0x0000000100000000)
  eden space 20992K, 0% used [0x00000000eab00000,0x00000000eab00000,0x00000000ebf80000)
  from space 1536K, 91% used [0x00000000ec300000,0x00000000ec460020,0x00000000ec480000)
  to   space 1536K, 0% used [0x00000000ec180000,0x00000000ec180000,0x00000000ec300000)
 ParOldGen       total 368640K, used 364744K [0x00000000c0000000, 0x00000000d6800000, 0x00000000eab00000)
  object space 368640K, 98% used [0x00000000c0000000,0x00000000d64320b8,0x00000000d6800000)
 Metaspace       used 84861K, committed 86080K, reserved 1179648K
  class space    used 8752K, committed 9280K, reserved 1048576K
}

